13:40:11.770 logback [main] INFO  c.hc.system.HcSystemApplicationTests - Starting HcSystemApplicationTests on camus-PC-201410201133 with PID 9184 (started by Administrator in E:\intellij-hc\demo\hc-system-all)
13:40:11.770 logback [main] INFO  c.hc.system.HcSystemApplicationTests - No active profile set, falling back to default profiles: default
13:40:11.893 logback [main] INFO  o.s.w.c.s.GenericWebApplicationContext - Refreshing org.springframework.web.context.support.GenericWebApplicationContext@6c4906d3: startup date [Sun Apr 08 13:40:11 CST 2018]; root of context hierarchy
13:40:12.644 logback [background-preinit] INFO  o.h.validator.internal.util.Version - HV000001: Hibernate Validator 5.3.6.Final
13:40:13.980 logback [main] INFO  o.s.d.r.c.RepositoryConfigurationDelegate - Multiple Spring Data modules found, entering strict repository configuration mode!
13:40:14.699 logback [main] INFO  o.s.c.s.PostProcessorRegistrationDelegate$BeanPostProcessorChecker - Bean 'druidConfig' of type [com.hc.system.config.dao.DruidConfig$$EnhancerBySpringCGLIB$$5b0e7578] is not eligible for getting processed by all BeanPostProcessors (for example: not eligible for auto-proxying)
13:40:14.858 logback [main] INFO  o.s.c.s.PostProcessorRegistrationDelegate$BeanPostProcessorChecker - Bean 'statFilter' of type [com.alibaba.druid.filter.stat.StatFilter] is not eligible for getting processed by all BeanPostProcessors (for example: not eligible for auto-proxying)
13:40:14.889 logback [main] INFO  o.s.c.s.PostProcessorRegistrationDelegate$BeanPostProcessorChecker - Bean 'wallFilter' of type [com.alibaba.druid.wall.WallFilter] is not eligible for getting processed by all BeanPostProcessors (for example: not eligible for auto-proxying)
13:40:14.970 logback [main] INFO  o.s.c.s.PostProcessorRegistrationDelegate$BeanPostProcessorChecker - Bean 'dataSource' of type [com.alibaba.druid.pool.DruidDataSource] is not eligible for getting processed by all BeanPostProcessors (for example: not eligible for auto-proxying)
13:40:14.979 logback [main] INFO  o.s.c.s.PostProcessorRegistrationDelegate$BeanPostProcessorChecker - Bean 'org.springframework.boot.autoconfigure.jdbc.DataSourceAutoConfiguration' of type [org.springframework.boot.autoconfigure.jdbc.DataSourceAutoConfiguration$$EnhancerBySpringCGLIB$$789a745e] is not eligible for getting processed by all BeanPostProcessors (for example: not eligible for auto-proxying)
13:40:15.116 logback [main] INFO  o.s.c.s.PostProcessorRegistrationDelegate$BeanPostProcessorChecker - Bean 'spring.datasource-org.springframework.boot.autoconfigure.jdbc.DataSourceProperties' of type [org.springframework.boot.autoconfigure.jdbc.DataSourceProperties] is not eligible for getting processed by all BeanPostProcessors (for example: not eligible for auto-proxying)
13:40:15.128 logback [main] INFO  o.s.c.s.PostProcessorRegistrationDelegate$BeanPostProcessorChecker - Bean 'dataSourceInitializer' of type [org.springframework.boot.autoconfigure.jdbc.DataSourceInitializer] is not eligible for getting processed by all BeanPostProcessors (for example: not eligible for auto-proxying)
13:40:15.128 logback [main] INFO  o.s.c.s.PostProcessorRegistrationDelegate$BeanPostProcessorChecker - Bean 'transationManagementConfiguration' of type [com.hc.system.config.service.TransationManagementConfiguration$$EnhancerBySpringCGLIB$$14a598bd] is not eligible for getting processed by all BeanPostProcessors (for example: not eligible for auto-proxying)
13:40:15.142 logback [main] INFO  o.s.c.s.PostProcessorRegistrationDelegate$BeanPostProcessorChecker - Bean 'org.springframework.transaction.annotation.ProxyTransactionManagementConfiguration' of type [org.springframework.transaction.annotation.ProxyTransactionManagementConfiguration$$EnhancerBySpringCGLIB$$96a6d0fe] is not eligible for getting processed by all BeanPostProcessors (for example: not eligible for auto-proxying)
13:40:17.091 logback [main] INFO  o.s.w.s.m.m.a.RequestMappingHandlerMapping - Mapped "{[/manage/modifyarea],methods=[POST]}" onto public java.util.Map<java.lang.String, java.lang.Object> com.hc.system.controller.AreaController.modifyArea(com.hc.system.entity.Area)
13:40:17.109 logback [main] INFO  o.s.w.s.m.m.a.RequestMappingHandlerMapping - Mapped "{[/manage/addarea],methods=[POST]}" onto public java.util.Map<java.lang.String, java.lang.Object> com.hc.system.controller.AreaController.addArea(com.hc.system.entity.Area)
13:40:17.109 logback [main] INFO  o.s.w.s.m.m.a.RequestMappingHandlerMapping - Mapped "{[/manage/getareabyid],methods=[GET]}" onto public java.util.Map<java.lang.String, java.lang.Object> com.hc.system.controller.AreaController.getAreaById(java.lang.Integer)
13:40:17.109 logback [main] INFO  o.s.w.s.m.m.a.RequestMappingHandlerMapping - Mapped "{[/manage/removearea],methods=[GET]}" onto public java.util.Map<java.lang.String, java.lang.Object> com.hc.system.controller.AreaController.removeArea(java.lang.Integer)
13:40:17.109 logback [main] INFO  o.s.w.s.m.m.a.RequestMappingHandlerMapping - Mapped "{[/manage/list_area],methods=[GET]}" onto public java.util.Map<java.lang.String, java.lang.Object> com.hc.system.controller.AreaController.listArea()
13:40:17.110 logback [main] INFO  o.s.w.s.m.m.a.RequestMappingHandlerMapping - Mapped "{[/gril/grils],methods=[GET]}" onto public java.util.Map<java.lang.String, java.lang.Object> com.hc.system.controller.GrilController.list()
13:40:17.110 logback [main] INFO  o.s.w.s.m.m.a.RequestMappingHandlerMapping - Mapped "{[/redis/test]}" onto public java.lang.Object com.hc.system.controller.RedisController.test()
13:40:17.111 logback [main] INFO  o.s.w.s.m.m.a.RequestMappingHandlerMapping - Mapped "{[/v2/api-docs],methods=[GET],produces=[application/json || application/hal+json]}" onto public org.springframework.http.ResponseEntity<springfox.documentation.spring.web.json.Json> springfox.documentation.swagger2.web.Swagger2Controller.getDocumentation(java.lang.String,javax.servlet.http.HttpServletRequest)
13:40:17.113 logback [main] INFO  o.s.w.s.m.m.a.RequestMappingHandlerMapping - Mapped "{[/swagger-resources/configuration/ui]}" onto org.springframework.http.ResponseEntity<springfox.documentation.swagger.web.UiConfiguration> springfox.documentation.swagger.web.ApiResourceController.uiConfiguration()
13:40:17.113 logback [main] INFO  o.s.w.s.m.m.a.RequestMappingHandlerMapping - Mapped "{[/swagger-resources]}" onto org.springframework.http.ResponseEntity<java.util.List<springfox.documentation.swagger.web.SwaggerResource>> springfox.documentation.swagger.web.ApiResourceController.swaggerResources()
13:40:17.114 logback [main] INFO  o.s.w.s.m.m.a.RequestMappingHandlerMapping - Mapped "{[/swagger-resources/configuration/security]}" onto org.springframework.http.ResponseEntity<springfox.documentation.swagger.web.SecurityConfiguration> springfox.documentation.swagger.web.ApiResourceController.securityConfiguration()
13:40:17.117 logback [main] INFO  o.s.w.s.m.m.a.RequestMappingHandlerMapping - Mapped "{[/error]}" onto public org.springframework.http.ResponseEntity<java.util.Map<java.lang.String, java.lang.Object>> org.springframework.boot.autoconfigure.web.BasicErrorController.error(javax.servlet.http.HttpServletRequest)
13:40:17.117 logback [main] INFO  o.s.w.s.m.m.a.RequestMappingHandlerMapping - Mapped "{[/error],produces=[text/html]}" onto public org.springframework.web.servlet.ModelAndView org.springframework.boot.autoconfigure.web.BasicErrorController.errorHtml(javax.servlet.http.HttpServletRequest,javax.servlet.http.HttpServletResponse)
13:40:18.103 logback [main] INFO  o.s.w.s.m.m.a.RequestMappingHandlerAdapter - Looking for @ControllerAdvice: org.springframework.web.context.support.GenericWebApplicationContext@6c4906d3: startup date [Sun Apr 08 13:40:11 CST 2018]; root of context hierarchy
13:40:18.213 logback [main] INFO  o.s.w.s.h.SimpleUrlHandlerMapping - Mapped URL path [/toLogin] onto handler of type [class org.springframework.web.servlet.mvc.ParameterizableViewController]
13:40:18.241 logback [main] INFO  o.s.w.s.h.SimpleUrlHandlerMapping - Mapped URL path [/my/**] onto handler of type [class org.springframework.web.servlet.resource.ResourceHttpRequestHandler]
13:40:18.241 logback [main] INFO  o.s.w.s.h.SimpleUrlHandlerMapping - Mapped URL path [/webjars/**] onto handler of type [class org.springframework.web.servlet.resource.ResourceHttpRequestHandler]
13:40:18.241 logback [main] INFO  o.s.w.s.h.SimpleUrlHandlerMapping - Mapped URL path [/**] onto handler of type [class org.springframework.web.servlet.resource.ResourceHttpRequestHandler]
13:40:18.260 logback [main] INFO  o.s.w.s.m.m.a.ExceptionHandlerExceptionResolver - Detected @ExceptionHandler methods in globalExceptionHandler
13:40:18.294 logback [main] INFO  o.s.w.s.h.SimpleUrlHandlerMapping - Mapped URL path [/**/favicon.ico] onto handler of type [class org.springframework.web.servlet.resource.ResourceHttpRequestHandler]
13:40:18.714 logback [main] WARN  o.s.w.c.s.GenericWebApplicationContext - Exception encountered during context initialization - cancelling refresh attempt: org.springframework.beans.factory.UnsatisfiedDependencyException: Error creating bean with name 'tk.mybatis.mapper.autoconfigure.MapperAutoConfiguration': Unsatisfied dependency expressed through field 'properties'; nested exception is org.springframework.beans.factory.BeanCreationException: Error creating bean with name 'mapper-tk.mybatis.mapper.autoconfigure.MapperProperties': Could not bind properties to MapperProperties (prefix=mapper, ignoreInvalidFields=false, ignoreUnknownFields=true, ignoreNestedProperties=false); nested exception is org.springframework.validation.BindException: org.springframework.boot.bind.RelaxedDataBinder$RelaxedBeanPropertyBindingResult: 1 errors
Field error in object 'mapper' on field 'mappers': rejected value [com.hc.system.util.MyMapper]; codes [typeMismatch.mapper.mappers,typeMismatch.mappers,typeMismatch.java.util.List,typeMismatch]; arguments [org.springframework.context.support.DefaultMessageSourceResolvable: codes [mapper.mappers,mappers]; arguments []; default message [mappers]]; default message [Failed to convert property value of type 'java.lang.String' to required type 'java.util.List' for property 'mappers'; nested exception is java.lang.IllegalArgumentException: Cannot find class [com.hc.system.util.MyMapper]]
13:40:18.735 logback [main] INFO  o.s.b.a.l.AutoConfigurationReportLoggingInitializer - 

Error starting ApplicationContext. To display the auto-configuration report re-run your application with 'debug' enabled.
13:41:18.561 logback [main] INFO  c.hc.system.HcSystemApplicationTests - Starting HcSystemApplicationTests on camus-PC-201410201133 with PID 10188 (started by Administrator in E:\intellij-hc\demo\hc-system-all)
13:41:18.562 logback [main] INFO  c.hc.system.HcSystemApplicationTests - No active profile set, falling back to default profiles: default
13:41:18.591 logback [main] INFO  o.s.w.c.s.GenericWebApplicationContext - Refreshing org.springframework.web.context.support.GenericWebApplicationContext@6c4906d3: startup date [Sun Apr 08 13:41:18 CST 2018]; root of context hierarchy
13:41:18.901 logback [background-preinit] INFO  o.h.validator.internal.util.Version - HV000001: Hibernate Validator 5.3.6.Final
13:41:19.595 logback [main] INFO  o.s.d.r.c.RepositoryConfigurationDelegate - Multiple Spring Data modules found, entering strict repository configuration mode!
13:41:20.083 logback [main] INFO  o.s.c.s.PostProcessorRegistrationDelegate$BeanPostProcessorChecker - Bean 'druidConfig' of type [com.hc.system.config.dao.DruidConfig$$EnhancerBySpringCGLIB$$f0073003] is not eligible for getting processed by all BeanPostProcessors (for example: not eligible for auto-proxying)
13:41:20.202 logback [main] INFO  o.s.c.s.PostProcessorRegistrationDelegate$BeanPostProcessorChecker - Bean 'statFilter' of type [com.alibaba.druid.filter.stat.StatFilter] is not eligible for getting processed by all BeanPostProcessors (for example: not eligible for auto-proxying)
13:41:20.224 logback [main] INFO  o.s.c.s.PostProcessorRegistrationDelegate$BeanPostProcessorChecker - Bean 'wallFilter' of type [com.alibaba.druid.wall.WallFilter] is not eligible for getting processed by all BeanPostProcessors (for example: not eligible for auto-proxying)
13:41:20.265 logback [main] INFO  o.s.c.s.PostProcessorRegistrationDelegate$BeanPostProcessorChecker - Bean 'dataSource' of type [com.alibaba.druid.pool.DruidDataSource] is not eligible for getting processed by all BeanPostProcessors (for example: not eligible for auto-proxying)
13:41:20.270 logback [main] INFO  o.s.c.s.PostProcessorRegistrationDelegate$BeanPostProcessorChecker - Bean 'org.springframework.boot.autoconfigure.jdbc.DataSourceAutoConfiguration' of type [org.springframework.boot.autoconfigure.jdbc.DataSourceAutoConfiguration$$EnhancerBySpringCGLIB$$d932ee9] is not eligible for getting processed by all BeanPostProcessors (for example: not eligible for auto-proxying)
13:41:20.355 logback [main] INFO  o.s.c.s.PostProcessorRegistrationDelegate$BeanPostProcessorChecker - Bean 'spring.datasource-org.springframework.boot.autoconfigure.jdbc.DataSourceProperties' of type [org.springframework.boot.autoconfigure.jdbc.DataSourceProperties] is not eligible for getting processed by all BeanPostProcessors (for example: not eligible for auto-proxying)
13:41:20.367 logback [main] INFO  o.s.c.s.PostProcessorRegistrationDelegate$BeanPostProcessorChecker - Bean 'dataSourceInitializer' of type [org.springframework.boot.autoconfigure.jdbc.DataSourceInitializer] is not eligible for getting processed by all BeanPostProcessors (for example: not eligible for auto-proxying)
13:41:20.367 logback [main] INFO  o.s.c.s.PostProcessorRegistrationDelegate$BeanPostProcessorChecker - Bean 'transationManagementConfiguration' of type [com.hc.system.config.service.TransationManagementConfiguration$$EnhancerBySpringCGLIB$$a99e5348] is not eligible for getting processed by all BeanPostProcessors (for example: not eligible for auto-proxying)
13:41:20.374 logback [main] INFO  o.s.c.s.PostProcessorRegistrationDelegate$BeanPostProcessorChecker - Bean 'org.springframework.transaction.annotation.ProxyTransactionManagementConfiguration' of type [org.springframework.transaction.annotation.ProxyTransactionManagementConfiguration$$EnhancerBySpringCGLIB$$2b9f8b89] is not eligible for getting processed by all BeanPostProcessors (for example: not eligible for auto-proxying)
13:41:21.339 logback [main] INFO  o.s.w.s.m.m.a.RequestMappingHandlerMapping - Mapped "{[/manage/removearea],methods=[GET]}" onto public java.util.Map<java.lang.String, java.lang.Object> com.hc.system.controller.AreaController.removeArea(java.lang.Integer)
13:41:21.340 logback [main] INFO  o.s.w.s.m.m.a.RequestMappingHandlerMapping - Mapped "{[/manage/list_area],methods=[GET]}" onto public java.util.Map<java.lang.String, java.lang.Object> com.hc.system.controller.AreaController.listArea()
13:41:21.340 logback [main] INFO  o.s.w.s.m.m.a.RequestMappingHandlerMapping - Mapped "{[/manage/addarea],methods=[POST]}" onto public java.util.Map<java.lang.String, java.lang.Object> com.hc.system.controller.AreaController.addArea(com.hc.system.entity.Area)
13:41:21.340 logback [main] INFO  o.s.w.s.m.m.a.RequestMappingHandlerMapping - Mapped "{[/manage/modifyarea],methods=[POST]}" onto public java.util.Map<java.lang.String, java.lang.Object> com.hc.system.controller.AreaController.modifyArea(com.hc.system.entity.Area)
13:41:21.340 logback [main] INFO  o.s.w.s.m.m.a.RequestMappingHandlerMapping - Mapped "{[/manage/getareabyid],methods=[GET]}" onto public java.util.Map<java.lang.String, java.lang.Object> com.hc.system.controller.AreaController.getAreaById(java.lang.Integer)
13:41:21.341 logback [main] INFO  o.s.w.s.m.m.a.RequestMappingHandlerMapping - Mapped "{[/gril/grils],methods=[GET]}" onto public java.util.Map<java.lang.String, java.lang.Object> com.hc.system.controller.GrilController.list()
13:41:21.342 logback [main] INFO  o.s.w.s.m.m.a.RequestMappingHandlerMapping - Mapped "{[/redis/test]}" onto public java.lang.Object com.hc.system.controller.RedisController.test()
13:41:21.342 logback [main] INFO  o.s.w.s.m.m.a.RequestMappingHandlerMapping - Mapped "{[/v2/api-docs],methods=[GET],produces=[application/json || application/hal+json]}" onto public org.springframework.http.ResponseEntity<springfox.documentation.spring.web.json.Json> springfox.documentation.swagger2.web.Swagger2Controller.getDocumentation(java.lang.String,javax.servlet.http.HttpServletRequest)
13:41:21.344 logback [main] INFO  o.s.w.s.m.m.a.RequestMappingHandlerMapping - Mapped "{[/swagger-resources]}" onto org.springframework.http.ResponseEntity<java.util.List<springfox.documentation.swagger.web.SwaggerResource>> springfox.documentation.swagger.web.ApiResourceController.swaggerResources()
13:41:21.345 logback [main] INFO  o.s.w.s.m.m.a.RequestMappingHandlerMapping - Mapped "{[/swagger-resources/configuration/ui]}" onto org.springframework.http.ResponseEntity<springfox.documentation.swagger.web.UiConfiguration> springfox.documentation.swagger.web.ApiResourceController.uiConfiguration()
13:41:21.345 logback [main] INFO  o.s.w.s.m.m.a.RequestMappingHandlerMapping - Mapped "{[/swagger-resources/configuration/security]}" onto org.springframework.http.ResponseEntity<springfox.documentation.swagger.web.SecurityConfiguration> springfox.documentation.swagger.web.ApiResourceController.securityConfiguration()
13:41:21.349 logback [main] INFO  o.s.w.s.m.m.a.RequestMappingHandlerMapping - Mapped "{[/error]}" onto public org.springframework.http.ResponseEntity<java.util.Map<java.lang.String, java.lang.Object>> org.springframework.boot.autoconfigure.web.BasicErrorController.error(javax.servlet.http.HttpServletRequest)
13:41:21.349 logback [main] INFO  o.s.w.s.m.m.a.RequestMappingHandlerMapping - Mapped "{[/error],produces=[text/html]}" onto public org.springframework.web.servlet.ModelAndView org.springframework.boot.autoconfigure.web.BasicErrorController.errorHtml(javax.servlet.http.HttpServletRequest,javax.servlet.http.HttpServletResponse)
13:41:21.869 logback [main] INFO  o.s.w.s.m.m.a.RequestMappingHandlerAdapter - Looking for @ControllerAdvice: org.springframework.web.context.support.GenericWebApplicationContext@6c4906d3: startup date [Sun Apr 08 13:41:18 CST 2018]; root of context hierarchy
13:41:21.906 logback [main] INFO  o.s.w.s.h.SimpleUrlHandlerMapping - Mapped URL path [/toLogin] onto handler of type [class org.springframework.web.servlet.mvc.ParameterizableViewController]
13:41:21.918 logback [main] INFO  o.s.w.s.h.SimpleUrlHandlerMapping - Mapped URL path [/my/**] onto handler of type [class org.springframework.web.servlet.resource.ResourceHttpRequestHandler]
13:41:21.918 logback [main] INFO  o.s.w.s.h.SimpleUrlHandlerMapping - Mapped URL path [/webjars/**] onto handler of type [class org.springframework.web.servlet.resource.ResourceHttpRequestHandler]
13:41:21.918 logback [main] INFO  o.s.w.s.h.SimpleUrlHandlerMapping - Mapped URL path [/**] onto handler of type [class org.springframework.web.servlet.resource.ResourceHttpRequestHandler]
13:41:21.936 logback [main] INFO  o.s.w.s.m.m.a.ExceptionHandlerExceptionResolver - Detected @ExceptionHandler methods in globalExceptionHandler
13:41:21.958 logback [main] INFO  o.s.w.s.h.SimpleUrlHandlerMapping - Mapped URL path [/**/favicon.ico] onto handler of type [class org.springframework.web.servlet.resource.ResourceHttpRequestHandler]
13:41:22.268 logback [main] WARN  o.s.w.c.s.GenericWebApplicationContext - Exception encountered during context initialization - cancelling refresh attempt: org.springframework.beans.factory.UnsatisfiedDependencyException: Error creating bean with name 'tk.mybatis.mapper.autoconfigure.MapperAutoConfiguration': Unsatisfied dependency expressed through field 'properties'; nested exception is org.springframework.beans.factory.BeanCreationException: Error creating bean with name 'mapper-tk.mybatis.mapper.autoconfigure.MapperProperties': Could not bind properties to MapperProperties (prefix=mapper, ignoreInvalidFields=false, ignoreUnknownFields=true, ignoreNestedProperties=false); nested exception is org.springframework.validation.BindException: org.springframework.boot.bind.RelaxedDataBinder$RelaxedBeanPropertyBindingResult: 1 errors
Field error in object 'mapper' on field 'mappers': rejected value [com.hc.system.util.MyMapper]; codes [typeMismatch.mapper.mappers,typeMismatch.mappers,typeMismatch.java.util.List,typeMismatch]; arguments [org.springframework.context.support.DefaultMessageSourceResolvable: codes [mapper.mappers,mappers]; arguments []; default message [mappers]]; default message [Failed to convert property value of type 'java.lang.String' to required type 'java.util.List' for property 'mappers'; nested exception is java.lang.IllegalArgumentException: Cannot find class [com.hc.system.util.MyMapper]]
13:41:22.277 logback [main] INFO  o.s.b.a.l.AutoConfigurationReportLoggingInitializer - 

Error starting ApplicationContext. To display the auto-configuration report re-run your application with 'debug' enabled.
